# JRE version: Java(TM) SE Runtime Environment (8.0_40-b25) (build 1.8.0_40-b25)
# Java VM: Java HotSpot(TM) 64-Bit Server VM (25.40-b25 mixed mode linux-amd64 compressed oops)
Heap:
 PSYoungGen      total 224768K, used 9712K [0x00000000eab00000, 0x00000000f9000000, 0x0000000100000000)
  eden space 215040K, 0% used [0x00000000eab00000,0x00000000eab00000,0x00000000f7d00000)
  from space 9728K, 99% used [0x00000000f7d00000,0x00000000f867c010,0x00000000f8680000)
  to   space 7168K, 0% used [0x00000000f8900000,0x00000000f8900000,0x00000000f9000000)
 ParOldGen       total 37888K, used 26076K [0x00000000c0000000, 0x00000000c2500000, 0x00000000eab00000)
  object space 37888K, 68% used [0x00000000c0000000,0x00000000c19772b0,0x00000000c2500000)
 Metaspace       used 33791K, capacity 35374K, committed 35416K, reserved 1079296K
  class space    used 4495K, capacity 5094K, committed 5120K, reserved 1048576K
GC Heap History (10 events):
Event: 6,173 GC heap after
Heap after GC invocations=7 (full 1):
 PSYoungGen      total 105472K, used 1060K [0x00000000eab00000, 0x00000000f3080000, 0x0000000100000000)
  eden space 103936K, 0% used [0x00000000eab00000,0x00000000eab00000,0x00000000f1080000)
  from space 1536K, 69% used [0x00000000f2f00000,0x00000000f3009128,0x00000000f3080000)
  to   space 8704K, 0% used [0x00000000f1f80000,0x00000000f1f80000,0x00000000f2800000)
 ParOldGen       total 37888K, used 11191K [0x00000000c0000000, 0x00000000c2500000, 0x00000000eab00000)
  object space 37888K, 29% used [0x00000000c0000000,0x00000000c0aedd10,0x00000000c2500000)
 Metaspace       used 21044K, capacity 21528K, committed 21760K, reserved 1069056K
  class space    used 2859K, capacity 3026K, committed 3072K, reserved 1048576K
}
Event: 7,537 GC heap before
{Heap before GC invocations=8 (full 1):
 PSYoungGen      total 105472K, used 104996K [0x00000000eab00000, 0x00000000f3080000, 0x0000000100000000)
  eden space 103936K, 100% used [0x00000000eab00000,0x00000000f1080000,0x00000000f1080000)
  from space 1536K, 69% used [0x00000000f2f00000,0x00000000f3009128,0x00000000f3080000)
  to   space 8704K, 0% used [0x00000000f1f80000,0x00000000f1f80000,0x00000000f2800000)
 ParOldGen       total 37888K, used 11191K [0x00000000c0000000, 0x00000000c2500000, 0x00000000eab00000)
  object space 37888K, 29% used [0x00000000c0000000,0x00000000c0aedd10,0x00000000c2500000)
 Metaspace       used 23245K, capacity 23874K, committed 24064K, reserved 1071104K
  class space    used 3012K, capacity 3223K, committed 3328K, reserved 1048576K
Event: 7,555 GC heap after
Heap after GC invocations=8 (full 1):
 PSYoungGen      total 128000K, used 4290K [0x00000000eab00000, 0x00000000f5c00000, 0x0000000100000000)
  eden space 119296K, 0% used [0x00000000eab00000,0x00000000eab00000,0x00000000f1f80000)
  from space 8704K, 49% used [0x00000000f1f80000,0x00000000f23b0b98,0x00000000f2800000)
  to   space 8192K, 0% used [0x00000000f5400000,0x00000000f5400000,0x00000000f5c00000)
 ParOldGen       total 37888K, used 11199K [0x00000000c0000000, 0x00000000c2500000, 0x00000000eab00000)
  object space 37888K, 29% used [0x00000000c0000000,0x00000000c0aefd10,0x00000000c2500000)
 Metaspace       used 23245K, capacity 23874K, committed 24064K, reserved 1071104K
  class space    used 3012K, capacity 3223K, committed 3328K, reserved 1048576K
}
Event: 9,717 GC heap before
{Heap before GC invocations=9 (full 1):
 PSYoungGen      total 128000K, used 123586K [0x00000000eab00000, 0x00000000f5c00000, 0x0000000100000000)
  eden space 119296K, 100% used [0x00000000eab00000,0x00000000f1f80000,0x00000000f1f80000)
  from space 8704K, 49% used [0x00000000f1f80000,0x00000000f23b0b98,0x00000000f2800000)
  to   space 8192K, 0% used [0x00000000f5400000,0x00000000f5400000,0x00000000f5c00000)
 ParOldGen       total 37888K, used 11199K [0x00000000c0000000, 0x00000000c2500000, 0x00000000eab00000)
  object space 37888K, 29% used [0x00000000c0000000,0x00000000c0aefd10,0x00000000c2500000)
 Metaspace       used 24577K, capacity 25232K, committed 25600K, reserved 1071104K
  class space    used 3234K, capacity 3495K, committed 3584K, reserved 1048576K
Event: 9,762 GC heap after
Heap after GC invocations=9 (full 1):
 PSYoungGen      total 172032K, used 7396K [0x00000000eab00000, 0x00000000f7200000, 0x0000000100000000)
  eden space 163840K, 0% used [0x00000000eab00000,0x00000000eab00000,0x00000000f4b00000)
  from space 8192K, 90% used [0x00000000f5400000,0x00000000f5b39200,0x00000000f5c00000)
  to   space 9216K, 0% used [0x00000000f4b00000,0x00000000f4b00000,0x00000000f5400000)
 ParOldGen       total 37888K, used 11207K [0x00000000c0000000, 0x00000000c2500000, 0x00000000eab00000)
  object space 37888K, 29% used [0x00000000c0000000,0x00000000c0af1d10,0x00000000c2500000)
 Metaspace       used 24577K, capacity 25232K, committed 25600K, reserved 1071104K
  class space    used 3234K, capacity 3495K, committed 3584K, reserved 1048576K
}
Event: 11,286 GC heap before
{Heap before GC invocations=10 (full 1):
 PSYoungGen      total 172032K, used 171236K [0x00000000eab00000, 0x00000000f7200000, 0x0000000100000000)
  eden space 163840K, 100% used [0x00000000eab00000,0x00000000f4b00000,0x00000000f4b00000)
  from space 8192K, 90% used [0x00000000f5400000,0x00000000f5b39200,0x00000000f5c00000)
  to   space 9216K, 0% used [0x00000000f4b00000,0x00000000f4b00000,0x00000000f5400000)
 ParOldGen       total 37888K, used 11207K [0x00000000c0000000, 0x00000000c2500000, 0x00000000eab00000)
  object space 37888K, 29% used [0x00000000c0000000,0x00000000c0af1d10,0x00000000c2500000)
 Metaspace       used 25880K, capacity 26764K, committed 26880K, reserved 1073152K
  class space    used 3433K, capacity 3761K, committed 3840K, reserved 1048576K
Event: 11,330 GC heap after
Heap after GC invocations=10 (full 1):
 PSYoungGen      total 173056K, used 8404K [0x00000000eab00000, 0x00000000f9300000, 0x0000000100000000)
  eden space 163840K, 0% used [0x00000000eab00000,0x00000000eab00000,0x00000000f4b00000)
  from space 9216K, 91% used [0x00000000f4b00000,0x00000000f5335338,0x00000000f5400000)
  to   space 10240K, 0% used [0x00000000f8900000,0x00000000f8900000,0x00000000f9300000)
 ParOldGen       total 37888K, used 11823K [0x00000000c0000000, 0x00000000c2500000, 0x00000000eab00000)
  object space 37888K, 31% used [0x00000000c0000000,0x00000000c0b8bd60,0x00000000c2500000)
 Metaspace       used 25880K, capacity 26764K, committed 26880K, reserved 1073152K
  class space    used 3433K, capacity 3761K, committed 3840K, reserved 1048576K
}
Event: 14,128 GC heap before
{Heap before GC invocations=11 (full 1):
 PSYoungGen      total 173056K, used 172244K [0x00000000eab00000, 0x00000000f9300000, 0x0000000100000000)
  eden space 163840K, 100% used [0x00000000eab00000,0x00000000f4b00000,0x00000000f4b00000)
  from space 9216K, 91% used [0x00000000f4b00000,0x00000000f5335338,0x00000000f5400000)
  to   space 10240K, 0% used [0x00000000f8900000,0x00000000f8900000,0x00000000f9300000)
 ParOldGen       total 37888K, used 11823K [0x00000000c0000000, 0x00000000c2500000, 0x00000000eab00000)
  object space 37888K, 31% used [0x00000000c0000000,0x00000000c0b8bd60,0x00000000c2500000)
 Metaspace       used 28624K, capacity 29666K, committed 29824K, reserved 1075200K
  class space    used 3731K, capacity 4120K, committed 4224K, reserved 1048576K
Event: 14,191 GC heap after
Heap after GC invocations=11 (full 1):
 PSYoungGen      total 222208K, used 5072K [0x00000000eab00000, 0x00000000f9000000, 0x0000000100000000)
  eden space 215040K, 0% used [0x00000000eab00000,0x00000000eab00000,0x00000000f7d00000)
  from space 7168K, 70% used [0x00000000f8900000,0x00000000f8df4070,0x00000000f9000000)
  to   space 9728K, 0% used [0x00000000f7d00000,0x00000000f7d00000,0x00000000f8680000)
 ParOldGen       total 37888K, used 17453K [0x00000000c0000000, 0x00000000c2500000, 0x00000000eab00000)
  object space 37888K, 46% used [0x00000000c0000000,0x00000000c110b560,0x00000000c2500000)
 Metaspace       used 28624K, capacity 29666K, committed 29824K, reserved 1075200K
  class space    used 3731K, capacity 4120K, committed 4224K, reserved 1048576K
}
Event: 26,377 GC heap before
{Heap before GC invocations=12 (full 1):
 PSYoungGen      total 222208K, used 113387K [0x00000000eab00000, 0x00000000f9000000, 0x0000000100000000)
  eden space 215040K, 50% used [0x00000000eab00000,0x00000000f14c6ca8,0x00000000f7d00000)
  from space 7168K, 70% used [0x00000000f8900000,0x00000000f8df4070,0x00000000f9000000)
  to   space 9728K, 0% used [0x00000000f7d00000,0x00000000f7d00000,0x00000000f8680000)
 ParOldGen       total 37888K, used 17453K [0x00000000c0000000, 0x00000000c2500000, 0x00000000eab00000)
  object space 37888K, 46% used [0x00000000c0000000,0x00000000c110b560,0x00000000c2500000)
 Metaspace       used 33791K, capacity 35374K, committed 35416K, reserved 1079296K
  class space    used 4495K, capacity 5094K, committed 5120K, reserved 1048576K

